<?xml version="1.0" encoding="UTF-8"?>
<!-- Generated by org.testng.reporters.JUnitReportReporter -->
<testsuite hostname="DESKTOP-QEVB9TV" name="TestRunner.TestRunner" tests="2" failures="0" timestamp="12 May 2022 02:54:41 GMT" time="16.269" errors="0">
  <testcase name="Start" time="0.001" classname="TestRunner.TestRunner"/>
  <testcase name="runScenario" time="16.268" classname="TestRunner.TestRunner"/>
</testsuite>
